<?xml version="1.0" encoding="UTF-8"?>
<!-- Generated by org.testng.reporters.JUnitReportReporter -->
<testsuite hostname="LAPTOP-M18PKS68" failures="0" tests="3" name="com.Listeners.Runner" time="0.037" errors="0" timestamp="2024-04-23T20:39:42 EDT" skipped="0">
  <testcase classname="com.Listeners.Runner" name="test1" time="0.005"/>
  <testcase classname="com.Listeners.Runner" name="test1" time="0.027"/>
  <testcase classname="com.Listeners.Runner" name="test2" time="0.005"/>
</testsuite> <!-- com.Listeners.Runner -->
