<?xml version="1.0" encoding="UTF-8"?>
<!-- Generated by org.testng.reporters.JUnitReportReporter -->
<testsuite hostname="LAPTOP-M18PKS68" failures="0" tests="1" name="com.Listeners.Listeners" time="0.015" errors="0" timestamp="2024-04-22T13:24:20 EDT" skipped="0">
  <testcase classname="com.Listeners.Listeners" name="test1" time="0.015"/>
</testsuite> <!-- com.Listeners.Listeners -->
