<?xml version="1.0" encoding="UTF-8"?>
<!-- Generated by org.testng.reporters.JUnitReportReporter -->
<testsuite hostname="LAPTOP-M18PKS68" failures="0" tests="1" name="com.ExtentReport.ExtentReportGeneration" time="5.741" errors="0" timestamp="2024-04-21T10:00:15 EDT" skipped="0">
  <testcase classname="com.ExtentReport.ExtentReportGeneration" name="reportDemo" time="5.741"/>
</testsuite> <!-- com.ExtentReport.ExtentReportGeneration -->
