<?xml version="1.0" encoding="UTF-8"?>
<!-- Generated by org.testng.reporters.JUnitReportReporter -->
<testsuite hostname="LAPTOP-M18PKS68" failures="0" tests="2" name="flipkart.flipkart.DataProviderExcel" time="0.022" errors="0" timestamp="2024-04-19T12:04:40 EDT" skipped="0">
  <testcase classname="flipkart.flipkart.DataProviderExcel" name="test" time="0.006"/>
  <testcase classname="flipkart.flipkart.DataProviderExcel" name="test" time="0.016"/>
</testsuite> <!-- flipkart.flipkart.DataProviderExcel -->
